<?xml version="1.0" encoding="UTF-8"?>
<!-- Generated by org.testng.reporters.JUnitXMLReporter -->
<testsuite hostname="Sasi" failures="1" tests="5" name="Test" time="0.523" errors="0" timestamp="25 Mar 2022 22:37:30 GMT">
  <testcase classname="com.tests.BasicExtentReport" name="testCase1" time="0.008"/>
  <testcase classname="com.tests.BasicExtentReport" name="testCase2" time="0.0"/>
  <testcase classname="com.tests.BasicExtentReport" name="testCase3" time="0.002"/>
  <testcase classname="com.tests.BasicExtentReport" name="testCase4" time="0.001">
    <failure type="java.lang.AssertionError" message="expected [true] but found [false]">
      <![CDATA[java.lang.AssertionError: expected [true] but found [false]
	at com.tests.BasicExtentReport.testCase4(BasicExtentReport.java:74)
... Removed 28 stack frames]]>
    </failure>
  </testcase> <!-- testCase4 -->
  <testcase classname="com.tests.BasicExtentReport" name="testCase5" time="0.002">
    <skipped/>
  </testcase> <!-- testCase5 -->
</testsuite> <!-- Test -->
