<?xml version="1.0" encoding="UTF-8"?>
<!-- Generated by org.testng.reporters.JUnitXMLReporter -->
<testsuite hostname="Sasi" failures="0" tests="3" name="Default test" time="49.504" errors="0" timestamp="26 Mar 2022 02:35:10 GMT">
  <testcase classname="com.tests.DemoCreateNewUserAvantStackReport" name="createNewUserTest" time="43.329"/>
  <testcase classname="com.tests.DemoCreateNewUserAvantStackReport" name="verifyUsersList" time="0.011"/>
  <testcase classname="com.tests.DemoCreateNewUserAvantStackReport" name="deleteUser" time="5.025"/>
</testsuite> <!-- Default test -->
