<?xml version="1.0" encoding="UTF-8"?>
<testng-results total="3" passed="3" failed="0" skipped="0">
  <reporter-output>
  </reporter-output>
  <suite started-at="2022-03-26T02:34:21Z" name="Default suite" finished-at="2022-03-26T02:35:10Z" duration-ms="49504">
    <groups>
    </groups>
    <test started-at="2022-03-26T02:34:21Z" name="Default test" finished-at="2022-03-26T02:35:10Z" duration-ms="49504">
      <class name="com.tests.DemoCreateNewUserAvantStackReport">
        <test-method is-config="true" signature="testBefore()[pri:0, instance:com.tests.DemoCreateNewUserAvantStackReport@770b3be0]" started-at="2022-03-26T08:04:21Z" name="testBefore" finished-at="2022-03-26T08:04:21Z" duration-ms="261" status="PASS">
          <reporter-output>
          </reporter-output>
        </test-method> <!-- testBefore -->
        <test-method signature="createNewUserTest()[pri:0, instance:com.tests.DemoCreateNewUserAvantStackReport@770b3be0]" started-at="2022-03-26T08:04:21Z" name="createNewUserTest" finished-at="2022-03-26T08:05:04Z" duration-ms="43329" status="PASS">
          <reporter-output>
          </reporter-output>
        </test-method> <!-- createNewUserTest -->
        <test-method is-config="true" signature="getResult(org.testng.ITestResult)[pri:0, instance:com.tests.DemoCreateNewUserAvantStackReport@770b3be0]" started-at="2022-03-26T08:05:04Z" name="getResult" finished-at="2022-03-26T08:05:05Z" duration-ms="240" status="PASS">
          <params>
            <param index="0">
              <value>
                <![CDATA[[TestResult name=createNewUserTest status=SUCCESS method=DemoCreateNewUserAvantStackReport.createNewUserTest()[pri:0, instance:com.tests.DemoCreateNewUserAvantStackReport@770b3be0] output={null}]]]>
              </value>
            </param>
          </params>
          <reporter-output>
          </reporter-output>
        </test-method> <!-- getResult -->
        <test-method signature="verifyUsersList()[pri:0, instance:com.tests.DemoCreateNewUserAvantStackReport@770b3be0]" started-at="2022-03-26T08:05:05Z" name="verifyUsersList" finished-at="2022-03-26T08:05:05Z" duration-ms="11" status="PASS">
          <reporter-output>
          </reporter-output>
        </test-method> <!-- verifyUsersList -->
        <test-method is-config="true" signature="getResult(org.testng.ITestResult)[pri:0, instance:com.tests.DemoCreateNewUserAvantStackReport@770b3be0]" started-at="2022-03-26T08:05:05Z" name="getResult" finished-at="2022-03-26T08:05:05Z" duration-ms="218" status="PASS">
          <params>
            <param index="0">
              <value>
                <![CDATA[[TestResult name=verifyUsersList status=SUCCESS method=DemoCreateNewUserAvantStackReport.verifyUsersList()[pri:0, instance:com.tests.DemoCreateNewUserAvantStackReport@770b3be0] output={null}]]]>
              </value>
            </param>
          </params>
          <reporter-output>
          </reporter-output>
        </test-method> <!-- getResult -->
        <test-method signature="deleteUser()[pri:0, instance:com.tests.DemoCreateNewUserAvantStackReport@770b3be0]" started-at="2022-03-26T08:05:05Z" name="deleteUser" finished-at="2022-03-26T08:05:10Z" duration-ms="5025" status="PASS">
          <reporter-output>
          </reporter-output>
        </test-method> <!-- deleteUser -->
        <test-method is-config="true" signature="getResult(org.testng.ITestResult)[pri:0, instance:com.tests.DemoCreateNewUserAvantStackReport@770b3be0]" started-at="2022-03-26T08:05:10Z" name="getResult" finished-at="2022-03-26T08:05:10Z" duration-ms="162" status="PASS">
          <params>
            <param index="0">
              <value>
                <![CDATA[[TestResult name=deleteUser status=SUCCESS method=DemoCreateNewUserAvantStackReport.deleteUser()[pri:0, instance:com.tests.DemoCreateNewUserAvantStackReport@770b3be0] output={null}]]]>
              </value>
            </param>
          </params>
          <reporter-output>
          </reporter-output>
        </test-method> <!-- getResult -->
        <test-method is-config="true" signature="tearDown()[pri:0, instance:com.tests.DemoCreateNewUserAvantStackReport@770b3be0]" started-at="2022-03-26T08:05:10Z" name="tearDown" finished-at="2022-03-26T08:05:10Z" duration-ms="248" status="PASS">
          <reporter-output>
          </reporter-output>
        </test-method> <!-- tearDown -->
      </class> <!-- com.tests.DemoCreateNewUserAvantStackReport -->
    </test> <!-- Default test -->
  </suite> <!-- Default suite -->
</testng-results>
