<?xml version="1.0" encoding="UTF-8"?>
<testng-results total="2" passed="2" failed="0" skipped="0">
  <reporter-output>
  </reporter-output>
  <suite started-at="2022-03-24T02:32:28Z" name="Default suite" finished-at="2022-03-24T02:33:27Z" duration-ms="59898">
    <groups>
    </groups>
    <test started-at="2022-03-24T02:32:28Z" name="Default test" finished-at="2022-03-24T02:33:27Z" duration-ms="59898">
      <class name="com.tests.DemoCreateNewUser">
        <test-method signature="test()[pri:0, instance:com.tests.DemoCreateNewUser@52b6319f]" started-at="2022-03-24T08:02:28Z" name="test" finished-at="2022-03-24T08:03:14Z" duration-ms="46190" status="PASS">
          <reporter-output>
          </reporter-output>
        </test-method> <!-- test -->
        <test-method signature="verifyUsersList()[pri:0, instance:com.tests.DemoCreateNewUser@52b6319f]" started-at="2022-03-24T08:03:14Z" name="verifyUsersList" finished-at="2022-03-24T08:03:27Z" duration-ms="13695" status="PASS">
          <reporter-output>
          </reporter-output>
        </test-method> <!-- verifyUsersList -->
      </class> <!-- com.tests.DemoCreateNewUser -->
    </test> <!-- Default test -->
  </suite> <!-- Default suite -->
</testng-results>
